<?xml version="1.0" encoding="UTF-8"?>
<!-- Generated by org.testng.reporters.JUnitReportReporter -->
<testsuite hostname="Vivek" failures="0" tests="1" name="com.procedure.chat.CM007_ValidateDisabledUsersAreNotDisaplyedInSearchList" time="70.247" errors="0" timestamp="2023-09-22T12:47:46 IST" skipped="0">
  <testcase classname="com.procedure.chat.CM007_ValidateDisabledUsersAreNotDisaplyedInSearchList" name="testValidateDisabledUsersAreNotDisaplyedInSearchList" time="70.247"/>
  <system-out>
    <![CDATA[Administrative text is displayed
User detail list is displayed
User Details page is displayed
User is already Disabled
User Status is Disabled
No data text is displayed]]>
  </system-out>
</testsuite> <!-- com.procedure.chat.CM007_ValidateDisabledUsersAreNotDisaplyedInSearchList -->
