<?xml version="1.0" encoding="UTF-8"?>
<!-- Generated by org.testng.reporters.JUnitReportReporter -->
<testsuite hostname="Vivek" failures="0" tests="1" name="com.procedure.chat.CM001_testMessageIsReceivedAsSentForSenderPointOfView" time="60.326" errors="0" timestamp="2023-09-21T16:33:12 IST" skipped="0">
  <testcase classname="com.procedure.chat.CM001_testMessageIsReceivedAsSentForSenderPointOfView" name="testMessageIsReceivedAsSentForSenderPointOfView" time="60.326"/>
  <system-out>
    <![CDATA[Chat window is displayed.
Search result suggetion is displayed
User chat window is displayed.
Today's Sent Message is displayed
sentMessage: Fireflink is Awesome..!
sentMessageTime: 04:30 pm
System Time: 04:30 pm]]>
  </system-out>
</testsuite> <!-- com.procedure.chat.CM001_testMessageIsReceivedAsSentForSenderPointOfView -->
