<?xml version="1.0" encoding="UTF-8"?>
<!-- Generated by org.testng.reporters.JUnitReportReporter -->
<testsuite hostname="Vivek" failures="0" tests="1" name="com.procedure.chat.CM012_ValidateChatWindowOpenStateIsMaintainedAfterReopeningTheChat" time="80.485" errors="0" timestamp="2023-09-22T12:07:45 IST" skipped="0">
  <testcase classname="com.procedure.chat.CM012_ValidateChatWindowOpenStateIsMaintainedAfterReopeningTheChat" name="testValidateChatWindowOpenStateIsMaintainedAfterReopeningTheChat" time="80.485"/>
  <system-out>
    <![CDATA[Chat window is displayed.
User chat window is displayed.
Old message is displayed
Patient Master Text is dispalyed after pressing Escape button
Chat window is displayed after reopening
Old message is displayed after reopening]]>
  </system-out>
</testsuite> <!-- com.procedure.chat.CM012_ValidateChatWindowOpenStateIsMaintainedAfterReopeningTheChat -->
