<?xml version="1.0" encoding="UTF-8"?>
<!-- Generated by org.testng.reporters.JUnitReportReporter -->
<testsuite hostname="Vivek" failures="0" tests="1" name="com.procedure.chat.CM013_ValidateDraftMessageIsMaintainedAfterReopeningTheChat" time="80.053" errors="0" timestamp="2023-09-22T12:12:39 IST" skipped="0">
  <testcase classname="com.procedure.chat.CM013_ValidateDraftMessageIsMaintainedAfterReopeningTheChat" name="testValidateDraftMessageIsMaintainedAfterReopeningTheChat" time="80.053"/>
  <system-out>
    <![CDATA[Chat window is displayed.
User chat window is displayed.
Old message is displayed
Message is displayed after typing
Patient Master Text is dispalyed after pressing Escape button
Chat window is displayed after reopening
Old message is displayed after reopening
Same typed message is displayed after reopening]]>
  </system-out>
</testsuite> <!-- com.procedure.chat.CM013_ValidateDraftMessageIsMaintainedAfterReopeningTheChat -->
