<?xml version="1.0" encoding="UTF-8"?>
<!-- Generated by org.testng.reporters.JUnitReportReporter -->
<testsuite hostname="Vivek" failures="0" tests="1" name="com.procedure.chat.CM002_testMessageIsReceivedAsSenForReceeiverPointOfView" time="134.543" errors="0" timestamp="2023-09-21T16:33:12 IST" skipped="0">
  <testcase classname="com.procedure.chat.CM002_testMessageIsReceivedAsSenForReceeiverPointOfView" name="testMessageIsReceivedAsSenForReceeiverPointOfView" time="134.543"/>
  <system-out>
    <![CDATA[Chat window is displayed.
Search result suggetion is displayed
User chat window is displayed.
Today's Sent Message is displayed
sentMessage: Fireflink is Awesome..!
sentMessageTime: 04:31 pm
System Time: 04:32 pm
Chat window is displayed.
Today's Received Message is displayed
receivedMessage: Fireflink is Awesome..!
receivedMessageTime: 04:31 pm
System Time: 04:33 pm]]>
  </system-out>
</testsuite> <!-- com.procedure.chat.CM002_testMessageIsReceivedAsSenForReceeiverPointOfView -->
