<?xml version="1.0" encoding="UTF-8"?>
<!-- Generated by org.testng.reporters.JUnitReportReporter -->
<testsuite hostname="Vivek" failures="0" tests="1" name="com.procedure.chat.CM011_ValidateStateIsMaintainedForSearchAfterReopeningTheChat" time="54.457" errors="0" timestamp="2023-09-21T15:56:45 IST" skipped="0">
  <testcase classname="com.procedure.chat.CM011_ValidateStateIsMaintainedForSearchAfterReopeningTheChat" name="testValidateStateIsMaintainedForSearchAfterReopeningTheChat" time="54.457"/>
  <system-out>
    <![CDATA[Chat Window page is displayed
Search result suggetion is displayed
Chat window is closed and Patient Master Text is dispalyed
Chat Window page is displayed after reopen
Chat results are displayed as it is after reopening]]>
  </system-out>
</testsuite> <!-- com.procedure.chat.CM011_ValidateStateIsMaintainedForSearchAfterReopeningTheChat -->
