<?xml version="1.0" encoding="UTF-8"?>
<!-- Generated by org.testng.reporters.JUnitReportReporter -->
<testsuite hostname="Vivek" failures="0" tests="1" name="com.procedure.chat.CM001_MessageIsReceivedAsSentForSenderPointOfView" time="0.038" errors="0" timestamp="2023-09-13T22:12:15 IST" skipped="0">
  <testcase classname="com.procedure.chat.CM001_MessageIsReceivedAsSentForSenderPointOfView" name="testMessageIsReceivedAsSentForSenderPointOfView" time="0.038"/>
  <system-out/>
</testsuite> <!-- com.procedure.chat.CM001_MessageIsReceivedAsSentForSenderPointOfView -->
