<?xml version="1.0" encoding="UTF-8"?>
<!-- Generated by org.testng.reporters.JUnitReportReporter -->
<testsuite hostname="Vivek" failures="0" tests="1" name="com.procedure.chat.CM009_ValidateClosingTheChatWindowByClickingOnTheCloseButtonOfChatWindow" time="34.936" errors="0" timestamp="2023-09-21T18:03:31 IST" skipped="0">
  <testcase classname="com.procedure.chat.CM009_ValidateClosingTheChatWindowByClickingOnTheCloseButtonOfChatWindow" name="testValidateClosingTheChatWindowByClickingOnTheCloseButtonOfChatWindow" time="34.936"/>
  <system-out>
    <![CDATA[Chat Window page is displayed
Patient Master Text is dispalyed after clicking on close button]]>
  </system-out>
</testsuite> <!-- com.procedure.chat.CM009_ValidateClosingTheChatWindowByClickingOnTheCloseButtonOfChatWindow -->
