<?xml version="1.0" encoding="UTF-8"?>
<!-- Generated by org.testng.reporters.JUnitReportReporter -->
<testsuite hostname="Vivek" failures="0" tests="1" name="com.procedure.chat.CM015_ValidateDateAndTimeOnChatHistoryListIsDisplayedAsExpected" time="37.313" errors="0" timestamp="2023-09-21T14:58:49 IST" skipped="0">
  <testcase classname="com.procedure.chat.CM015_ValidateDateAndTimeOnChatHistoryListIsDisplayedAsExpected" name="testValidateDateAndTimeOnChatHistoryListIsDisplayedAsExpected" time="37.313"/>
  <system-out>
    <![CDATA[Chat window is displayed.]]>
  </system-out>
</testsuite> <!-- com.procedure.chat.CM015_ValidateDateAndTimeOnChatHistoryListIsDisplayedAsExpected -->
