<?xml version="1.0" encoding="UTF-8"?>
<!-- Generated by org.testng.reporters.JUnitReportReporter -->
<testsuite hostname="Vivek" failures="0" tests="1" name="com.procedure.chat.CM004_ValidateNotificationBadgeWhenThereAreNoUnreadMessages" time="129.720" errors="0" timestamp="2023-09-21T15:28:13 IST" skipped="0">
  <testcase classname="com.procedure.chat.CM004_ValidateNotificationBadgeWhenThereAreNoUnreadMessages" name="testValidateNotificationBadgeWhenThereAreNoUnreadMessages" time="129.720"/>
  <system-out>
    <![CDATA[Chat window is displayed.
Search result suggetion is displayed
User chat window is displayed.
Today's Sent Message is displayed
sentMessage: Fireflink is Awesome..!
sentMessageTime: 03:26 pm
System Time: 03:27 pm
Chat icon is displayed with badge 
Unread message count is displayed
User chat window is displayed
Badge is not visible for chat icon after viewing message]]>
  </system-out>
</testsuite> <!-- com.procedure.chat.CM004_ValidateNotificationBadgeWhenThereAreNoUnreadMessages -->
