<?xml version="1.0" encoding="UTF-8"?>
<!-- Generated by org.testng.reporters.JUnitReportReporter -->
<testsuite hostname="Vivek" failures="0" tests="1" name="com.procedure.chat.CM014_ValidateTheLatestMessageOfEachChatShouldBeDisplayedInChatHistoryListForThatChat" time="40.220" errors="0" timestamp="2023-09-21T16:05:51 IST" skipped="0">
  <testcase classname="com.procedure.chat.CM014_ValidateTheLatestMessageOfEachChatShouldBeDisplayedInChatHistoryListForThatChat" name="testValidateTheLatestMessageOfEachChatShouldBeDisplayedInChatHistoryListForThatChat" time="40.220"/>
  <system-out>
    <![CDATA[Chat window is displayed.
User history list is displayed after clicking back
Latest message is displayed in chat history]]>
  </system-out>
</testsuite> <!-- com.procedure.chat.CM014_ValidateTheLatestMessageOfEachChatShouldBeDisplayedInChatHistoryListForThatChat -->
