<?xml version="1.0" encoding="UTF-8"?>
<!-- Generated by org.testng.reporters.JUnitReportReporter -->
<testsuite hostname="Vivek" failures="0" tests="1" name="com.procedure.chat.CM005_ValidateSearchWhenResultsAreDisplayed" time="52.203" errors="0" timestamp="2023-09-21T15:47:45 IST" skipped="0">
  <testcase classname="com.procedure.chat.CM005_ValidateSearchWhenResultsAreDisplayed" name="testValidateSearchWhenResultsAreDisplayed" time="52.203"/>
  <system-out>
    <![CDATA[Chat window is displayed.
Loader is displayed]]>
  </system-out>
</testsuite> <!-- com.procedure.chat.CM005_ValidateSearchWhenResultsAreDisplayed -->
