<?xml version="1.0" encoding="UTF-8"?>
<!-- Generated by org.testng.reporters.JUnitReportReporter -->
<testsuite hostname="Vivek" failures="0" tests="1" name="com.procedure.chat.CM001" time="61.556" errors="0" timestamp="2023-09-18T09:33:00 IST" skipped="0">
  <testcase classname="com.procedure.chat.CM001" name="testMessageIsReceivedAsSentForSenderPointOfView" time="61.556"/>
  <system-out/>
</testsuite> <!-- com.procedure.chat.CM001 -->
